<?xml version="1.0" encoding="utf-8"?><testsuites name="pytest tests"><testsuite name="pytest" errors="0" failures="0" skipped="0" tests="13" time="48.516" timestamp="2026-01-29T19:15:49.165848+00:00" hostname="agent-env-ea2bbf63-6d92-4e92-864f-dc26eed72ba7"><testcase classname="backend.tests.test_ivr_api.TestRootAndConfig" name="test_root_api_returns_running_status" time="0.070" /><testcase classname="backend.tests.test_ivr_api.TestRootAndConfig" name="test_config_returns_infobip_configuration" time="0.037" /><testcase classname="backend.tests.test_ivr_api.TestRootAndConfig" name="test_voice_models_endpoint" time="0.039" /><testcase classname="backend.tests.test_ivr_api.TestRootAndConfig" name="test_call_types_endpoint" time="0.039" /><testcase classname="backend.tests.test_ivr_api.TestCallInitiation" name="test_initiate_call_simulation_mode" time="0.517" /><testcase classname="backend.tests.test_ivr_api.TestCallInitiation" name="test_get_call_by_id" time="2.224" /><testcase classname="backend.tests.test_ivr_api.TestCallInitiation" name="test_get_all_calls" time="0.045" /><testcase classname="backend.tests.test_ivr_api.TestSSEEvents" name="test_sse_endpoint_streams_events" time="0.674" /><testcase classname="backend.tests.test_ivr_api.TestVerification" name="test_verify_accepted_ends_call" time="15.276" /><testcase classname="backend.tests.test_ivr_api.TestVerification" name="test_verify_denied_loops_for_new_code" time="25.669" /><testcase classname="backend.tests.test_ivr_api.TestCallManagement" name="test_hangup_call" time="2.518" /><testcase classname="backend.tests.test_ivr_api.TestCallManagement" name="test_delete_call" time="1.246" /><testcase classname="backend.tests.test_ivr_api.TestCallManagement" name="test_get_nonexistent_call_returns_404" time="0.041" /></testsuite></testsuites>