<?xml version="1.0" encoding="utf-8"?><testsuites name="pytest tests"><testsuite name="pytest" errors="0" failures="0" skipped="0" tests="15" time="4.077" timestamp="2026-01-30T18:40:40.290194+00:00" hostname="agent-env-37123141-c0b0-4c2b-aa50-a1b40289d6f7"><testcase classname="backend.tests.test_phone_management.TestAuthEndpoints" name="test_admin_login_success" time="0.345" /><testcase classname="backend.tests.test_phone_management.TestAuthEndpoints" name="test_user_login_success" time="0.262" /><testcase classname="backend.tests.test_phone_management.TestAuthEndpoints" name="test_login_invalid_credentials" time="0.042" /><testcase classname="backend.tests.test_phone_management.TestProviderPhoneNumbersAdmin" name="test_get_providers" time="0.306" /><testcase classname="backend.tests.test_phone_management.TestProviderPhoneNumbersAdmin" name="test_get_signalwire_phone_numbers" time="0.305" /><testcase classname="backend.tests.test_phone_management.TestProviderPhoneNumbersAdmin" name="test_get_infobip_phone_numbers" time="0.304" /><testcase classname="backend.tests.test_phone_management.TestProviderPhoneNumbersAdmin" name="test_add_phone_number_to_signalwire" time="0.385" /><testcase classname="backend.tests.test_phone_management.TestProviderPhoneNumbersAdmin" name="test_update_phone_number_label" time="0.470" /><testcase classname="backend.tests.test_phone_management.TestProviderPhoneNumbersAdmin" name="test_toggle_phone_number_active_status" time="0.383" /><testcase classname="backend.tests.test_phone_management.TestProviderPhoneNumbersAdmin" name="test_delete_phone_number" time="0.422" /><testcase classname="backend.tests.test_phone_management.TestUserPhoneNumberAccess" name="test_get_available_phone_numbers_no_auth" time="0.039" /><testcase classname="backend.tests.test_phone_management.TestUserPhoneNumberAccess" name="test_filter_phone_numbers_by_provider" time="0.078" /><testcase classname="backend.tests.test_phone_management.TestUserPhoneNumberAccess" name="test_only_active_numbers_returned" time="0.044" /><testcase classname="backend.tests.test_phone_management.TestAdminDashboard" name="test_get_dashboard_stats" time="0.306" /><testcase classname="backend.tests.test_phone_management.TestAdminDashboard" name="test_get_users_list" time="0.300" /></testsuite></testsuites>