<?xml version="1.0" encoding="utf-8"?><testsuites name="pytest tests"><testsuite name="pytest" errors="9" failures="2" skipped="0" tests="15" time="3.450" timestamp="2026-01-30T18:40:02.844474+00:00" hostname="agent-env-37123141-c0b0-4c2b-aa50-a1b40289d6f7"><testcase classname="backend.tests.test_phone_management.TestAuthEndpoints" name="test_admin_login_success" time="0.341"><failure message="AssertionError: Token not in response&#10;assert 'token' in {'access_token': 'eyJhbGciOiJIUzI1NiIsInR5cCI6IkpXVCJ9.eyJzdWIiOiI0N2MzNzcyYy1jODk1LTQxN2UtYjkwOC1lNTcyYWExOTIxOGYiLCJleHAiOjE4MDEzMzQ0MDMsInNlc3Npb25faWQiOiI3YzVhYTY4OS01ZTRlLTQxN2MtOWFkZi0yY2QwZmIyMDBiYjQiLCJyb2xlIjoiYWRtaW4ifQ.LxfH9zi6jer8hTRXKngf4JdkOna2zSqBufKG69Fqb_g', 'token_type': 'bearer', 'user': {'created_at': '2026-01-30T17:48:18.519813+00:00', 'credits': 999999, 'email': 'admin@american.club', 'id': '47c3772c-c895-417e-b908-e572aa19218f', ...}}">backend/tests/test_phone_management.py:30: in test_admin_login_success
    assert "token" in data, "Token not in response"
E   AssertionError: Token not in response
E   assert 'token' in {'access_token': 'eyJhbGciOiJIUzI1NiIsInR5cCI6IkpXVCJ9.eyJzdWIiOiI0N2MzNzcyYy1jODk1LTQxN2UtYjkwOC1lNTcyYWExOTIxOGYiLCJleHAiOjE4MDEzMzQ0MDMsInNlc3Npb25faWQiOiI3YzVhYTY4OS01ZTRlLTQxN2MtOWFkZi0yY2QwZmIyMDBiYjQiLCJyb2xlIjoiYWRtaW4ifQ.LxfH9zi6jer8hTRXKngf4JdkOna2zSqBufKG69Fqb_g', 'token_type': 'bearer', 'user': {'created_at': '2026-01-30T17:48:18.519813+00:00', 'credits': 999999, 'email': 'admin@american.club', 'id': '47c3772c-c895-417e-b908-e572aa19218f', ...}}</failure></testcase><testcase classname="backend.tests.test_phone_management.TestAuthEndpoints" name="test_user_login_success" time="0.270"><failure message="AssertionError: Token not in response&#10;assert 'token' in {'access_token': 'eyJhbGciOiJIUzI1NiIsInR5cCI6IkpXVCJ9.eyJzdWIiOiI5NTk0Yzk4Ni0yNTgwLTRlMzktOWUyZC02NTgyNjQxODAwYmMiLCJleHAiOjE3Njk4ODQ4MDMsInNlc3Npb25faWQiOiI4ODhlZWY1NC1iNTk0LTRlM2UtYjkwNC1lMDM3ZmJmODc2OWIiLCJyb2xlIjoidXNlciJ9.Ywazr_n4RSPuywG0VxoOHZ-8z3iXrXAM1XEEToWdifU', 'token_type': 'bearer', 'user': {'created_at': '2026-01-30T18:36:48.739245+00:00', 'credits': 100, 'email': 'testuser@test.com', 'id': '9594c986-2580-4e39-9e2d-6582641800bc', ...}}">backend/tests/test_phone_management.py:43: in test_user_login_success
    assert "token" in data, "Token not in response"
E   AssertionError: Token not in response
E   assert 'token' in {'access_token': 'eyJhbGciOiJIUzI1NiIsInR5cCI6IkpXVCJ9.eyJzdWIiOiI5NTk0Yzk4Ni0yNTgwLTRlMzktOWUyZC02NTgyNjQxODAwYmMiLCJleHAiOjE3Njk4ODQ4MDMsInNlc3Npb25faWQiOiI4ODhlZWY1NC1iNTk0LTRlM2UtYjkwNC1lMDM3ZmJmODc2OWIiLCJyb2xlIjoidXNlciJ9.Ywazr_n4RSPuywG0VxoOHZ-8z3iXrXAM1XEEToWdifU', 'token_type': 'bearer', 'user': {'created_at': '2026-01-30T18:36:48.739245+00:00', 'credits': 100, 'email': 'testuser@test.com', 'id': '9594c986-2580-4e39-9e2d-6582641800bc', ...}}</failure></testcase><testcase classname="backend.tests.test_phone_management.TestAuthEndpoints" name="test_login_invalid_credentials" time="0.040" /><testcase classname="backend.tests.test_phone_management.TestProviderPhoneNumbersAdmin" name="test_get_providers" time="0.266"><error message="failed on setup with &quot;KeyError: 'token'&quot;">backend/tests/test_phone_management.py:70: in setup
    self.token = response.json()["token"]
                 ^^^^^^^^^^^^^^^^^^^^^^^^
E   KeyError: 'token'</error></testcase><testcase classname="backend.tests.test_phone_management.TestProviderPhoneNumbersAdmin" name="test_get_signalwire_phone_numbers" time="0.265"><error message="failed on setup with &quot;KeyError: 'token'&quot;">backend/tests/test_phone_management.py:70: in setup
    self.token = response.json()["token"]
                 ^^^^^^^^^^^^^^^^^^^^^^^^
E   KeyError: 'token'</error></testcase><testcase classname="backend.tests.test_phone_management.TestProviderPhoneNumbersAdmin" name="test_get_infobip_phone_numbers" time="0.266"><error message="failed on setup with &quot;KeyError: 'token'&quot;">backend/tests/test_phone_management.py:70: in setup
    self.token = response.json()["token"]
                 ^^^^^^^^^^^^^^^^^^^^^^^^
E   KeyError: 'token'</error></testcase><testcase classname="backend.tests.test_phone_management.TestProviderPhoneNumbersAdmin" name="test_add_phone_number_to_signalwire" time="0.267"><error message="failed on setup with &quot;KeyError: 'token'&quot;">backend/tests/test_phone_management.py:70: in setup
    self.token = response.json()["token"]
                 ^^^^^^^^^^^^^^^^^^^^^^^^
E   KeyError: 'token'</error></testcase><testcase classname="backend.tests.test_phone_management.TestProviderPhoneNumbersAdmin" name="test_update_phone_number_label" time="0.272"><error message="failed on setup with &quot;KeyError: 'token'&quot;">backend/tests/test_phone_management.py:70: in setup
    self.token = response.json()["token"]
                 ^^^^^^^^^^^^^^^^^^^^^^^^
E   KeyError: 'token'</error></testcase><testcase classname="backend.tests.test_phone_management.TestProviderPhoneNumbersAdmin" name="test_toggle_phone_number_active_status" time="0.267"><error message="failed on setup with &quot;KeyError: 'token'&quot;">backend/tests/test_phone_management.py:70: in setup
    self.token = response.json()["token"]
                 ^^^^^^^^^^^^^^^^^^^^^^^^
E   KeyError: 'token'</error></testcase><testcase classname="backend.tests.test_phone_management.TestProviderPhoneNumbersAdmin" name="test_delete_phone_number" time="0.264"><error message="failed on setup with &quot;KeyError: 'token'&quot;">backend/tests/test_phone_management.py:70: in setup
    self.token = response.json()["token"]
                 ^^^^^^^^^^^^^^^^^^^^^^^^
E   KeyError: 'token'</error></testcase><testcase classname="backend.tests.test_phone_management.TestUserPhoneNumberAccess" name="test_get_available_phone_numbers_no_auth" time="0.042" /><testcase classname="backend.tests.test_phone_management.TestUserPhoneNumberAccess" name="test_filter_phone_numbers_by_provider" time="0.125" /><testcase classname="backend.tests.test_phone_management.TestUserPhoneNumberAccess" name="test_only_active_numbers_returned" time="0.036" /><testcase classname="backend.tests.test_phone_management.TestAdminDashboard" name="test_get_dashboard_stats" time="0.260"><error message="failed on setup with &quot;KeyError: 'token'&quot;">backend/tests/test_phone_management.py:308: in setup
    self.token = response.json()["token"]
                 ^^^^^^^^^^^^^^^^^^^^^^^^
E   KeyError: 'token'</error></testcase><testcase classname="backend.tests.test_phone_management.TestAdminDashboard" name="test_get_users_list" time="0.264"><error message="failed on setup with &quot;KeyError: 'token'&quot;">backend/tests/test_phone_management.py:308: in setup
    self.token = response.json()["token"]
                 ^^^^^^^^^^^^^^^^^^^^^^^^
E   KeyError: 'token'</error></testcase></testsuite></testsuites>